<?xml version="1.0" encoding="UTF-8"?>
<!-- Generated by org.testng.reporters.JUnitXMLReporter -->
<testsuite ignored="0" hostname="BLakshmanreddy" failures="0" tests="3" name="Regression tests" time="25.713" errors="0" timestamp="2022-09-29T16:52:26 IST">
  <testcase classname="testNG_Codexamples.BatchTestingusingxml_ExecuteMultipleClassesusingXML" name="verifyGoogleTitle" time="3.845"/>
  <testcase classname="testNG_Codexamples.BatchTestingusingxml_ExecuteMultipleClassesusingXML" name="verifyYahooTitle" time="3.553"/>
  <testcase classname="testNG_Codexamples.BatchTestingusingxml_ExecuteMultipleClassesusingXML" name="verifyGuru99pageTitle" time="8.181"/>
</testsuite> <!-- Regression tests -->
